Using pre-set license
Built from '2020.2/release' branch; Version is '2020.2.1f1 (270dd8c3da1c) revision 2559448'; Using compiler version '192528614'; Build Type 'Release'
OS: 'Windows 10  (10.0.0) 64bit' Language: 'en' Physical Memory: 16271 MB
BatchMode: 1, IsHumanControllingUs: 0, StartBugReporterOnCrash: 0, Is64bit: 1, IsPro: 0

 COMMAND LINE ARGUMENTS:
C:\Program Files\2020.2.1f1\Editor\Unity.exe
-adb2
-batchMode
-noUpm
-name
AssetImportWorker0
-projectPath
D:/School/Game Production IV/Q-Bert/Q-Bert
-logFile
Logs/AssetImportWorker0.log
-srvPort
58184
Successfully changed project path to: D:/School/Game Production IV/Q-Bert/Q-Bert
D:/School/Game Production IV/Q-Bert/Q-Bert
Using Asset Import Pipeline V2.
Refreshing native plugins compatible for Editor in 20.23 ms, found 0 plugins.
Preloading 0 native plugins for Editor in 0.00 ms.
Initialize engine version: 2020.2.1f1 (270dd8c3da1c)
[Subsystems] Discovering subsystems at path C:/Program Files/2020.2.1f1/Editor/Data/Resources/UnitySubsystems
[Subsystems] Discovering subsystems at path D:/School/Game Production IV/Q-Bert/Q-Bert/Assets
GfxDevice: creating device client; threaded=0
Direct3D:
    Version:  Direct3D 11.0 [level 11.1]
    Renderer: NVIDIA GeForce RTX 2070 SUPER (ID=0x1e84)
    Vendor:   
    VRAM:     8012 MB
    Driver:   27.21.14.6089
Initialize mono
Mono path[0] = 'C:/Program Files/2020.2.1f1/Editor/Data/Managed'
Mono path[1] = 'C:/Program Files/2020.2.1f1/Editor/Data/MonoBleedingEdge/lib/mono/unityjit'
Mono config path = 'C:/Program Files/2020.2.1f1/Editor/Data/MonoBleedingEdge/etc'
Using monoOptions --debugger-agent=transport=dt_socket,embedding=1,server=y,suspend=n,address=127.0.0.1:56240
Begin MonoManager ReloadAssembly
Registering precompiled unity dll's ...
Register platform support module: C:/Program Files/2020.2.1f1/Editor/Data/PlaybackEngines/WebGLSupport/UnityEditor.WebGL.Extensions.dll
Register platform support module: C:/Program Files/2020.2.1f1/Editor/Data/PlaybackEngines/MacStandaloneSupport/UnityEditor.OSXStandalone.Extensions.dll
Register platform support module: C:/Program Files/2020.2.1f1/Editor/Data/PlaybackEngines/WindowsStandaloneSupport/UnityEditor.WindowsStandalone.Extensions.dll
Register platform support module: C:/Program Files/2020.2.1f1/Editor/Data/PlaybackEngines/LinuxStandaloneSupport/UnityEditor.LinuxStandalone.Extensions.dll
Register platform support module: C:/Program Files/2020.2.1f1/Editor/Data/PlaybackEngines/LuminSupport/UnityEditor.Lumin.Extensions.dll
Registered in 0.003863 seconds.
Native extension for Lumin target not found
Native extension for LinuxStandalone target not found
Native extension for WindowsStandalone target not found
Native extension for OSXStandalone target not found
Native extension for WebGL target not found
Refreshing native plugins compatible for Editor in 20.56 ms, found 0 plugins.
Preloading 0 native plugins for Editor in 0.00 ms.
Invoked RoslynAnalysisRunner static constructor.
RoslynAnalysisRunner will not be running.
RoslynAnalysisRunner has terminated.
Mono: successfully reloaded assembly
- Completed reload, in  1.818 seconds
Platform modules already initialized, skipping
Registering precompiled user dll's ...
Registered in 0.000632 seconds.
Begin MonoManager ReloadAssembly
Native extension for Lumin target not found
Native extension for LinuxStandalone target not found
Native extension for WindowsStandalone target not found
Native extension for OSXStandalone target not found
Native extension for WebGL target not found
Refreshing native plugins compatible for Editor in 0.20 ms, found 0 plugins.
Preloading 0 native plugins for Editor in 0.00 ms.
Invoked RoslynAnalysisRunner static constructor.
RoslynAnalysisRunner will not be running.
RoslynAnalysisRunner has terminated.
Mono: successfully reloaded assembly
- Completed reload, in  0.706 seconds
Platform modules already initialized, skipping
========================================================================
Worker process is ready to serve import requests
Launched and connected shader compiler UnityShaderCompiler.exe after 0.02 seconds
Refreshing native plugins compatible for Editor in 0.20 ms, found 0 plugins.
Preloading 0 native plugins for Editor in 0.00 ms.
Unloading 1097 Unused Serialized files (Serialized files now loaded: 0)
System memory in use before: 57.6 MB.
System memory in use after: 57.7 MB.

Unloading 10 unused Assets to reduce memory usage. Loaded Objects now: 1544.
Total: 1.486500 ms (FindLiveObjects: 0.125400 ms CreateObjectMapping: 0.025500 ms MarkObjects: 1.281800 ms  DeleteObjects: 0.052900 ms)

========================================================================
Received Import Request.
  path: Assets/Sprites/jungleBackground.png
  artifactKey: Guid(34ec458f48f48c945884c692e3a635b3) Importer(815301076,1909f56bfc062723c751e8b465ee728b)
Start importing Assets/Sprites/jungleBackground.png using Guid(34ec458f48f48c945884c692e3a635b3) Importer(815301076,1909f56bfc062723c751e8b465ee728b)  -> (artifact id: 'a2b9e81fdeb96a185b45104525915bfa') in 0.088877 seconds
  Import took 0.090578 seconds .

========================================================================
Received Import Request.
  Time since last request: 12.586178 seconds.
  path: Assets/Sprites/jungleBackground.png
  artifactKey: Guid(34ec458f48f48c945884c692e3a635b3) Importer(815301076,1909f56bfc062723c751e8b465ee728b)
Start importing Assets/Sprites/jungleBackground.png using Guid(34ec458f48f48c945884c692e3a635b3) Importer(815301076,1909f56bfc062723c751e8b465ee728b)  -> (artifact id: '6dcf89844524662afef0d20123d4cc6b') in 0.040480 seconds
  Import took 0.042401 seconds .

========================================================================
Received Import Request.
  Time since last request: 564.747615 seconds.
  path: Assets/Sprites/grass.png
  artifactKey: Guid(a341ee04e736d2e4787b765282bef831) Importer(815301076,1909f56bfc062723c751e8b465ee728b)
Start importing Assets/Sprites/grass.png using Guid(a341ee04e736d2e4787b765282bef831) Importer(815301076,1909f56bfc062723c751e8b465ee728b)  -> (artifact id: 'c398a93dbfece237d49c1d50fd7d89c6') in 0.017319 seconds
  Import took 0.019563 seconds .

========================================================================
Received Import Request.
  Time since last request: 71.583119 seconds.
  path: Assets/Sprites/unnamed.jpg
  artifactKey: Guid(eb81bc597cbf32042ac4e45719d7381e) Importer(815301076,1909f56bfc062723c751e8b465ee728b)
Start importing Assets/Sprites/unnamed.jpg using Guid(eb81bc597cbf32042ac4e45719d7381e) Importer(815301076,1909f56bfc062723c751e8b465ee728b)  -> (artifact id: 'ccb9c7ee9a0e035ad1a4e4754a6636b8') in 0.023200 seconds
  Import took 0.025076 seconds .

========================================================================
Received Import Request.
  Time since last request: 9.116749 seconds.
  path: Assets/Sprites/unnamed.jpg
  artifactKey: Guid(eb81bc597cbf32042ac4e45719d7381e) Importer(815301076,1909f56bfc062723c751e8b465ee728b)
Start importing Assets/Sprites/unnamed.jpg using Guid(eb81bc597cbf32042ac4e45719d7381e) Importer(815301076,1909f56bfc062723c751e8b465ee728b)  -> (artifact id: '963a734c00ee9b7daeafa1ae2c66aec4') in 0.018800 seconds
  Import took 0.020596 seconds .

========================================================================
Received Import Request.
  Time since last request: 341.668471 seconds.
  path: Assets/Sprites/dirt.png
  artifactKey: Guid(3f5bb5478f01e2b45b857b86ba9d54fd) Importer(815301076,1909f56bfc062723c751e8b465ee728b)
Start importing Assets/Sprites/dirt.png using Guid(3f5bb5478f01e2b45b857b86ba9d54fd) Importer(815301076,1909f56bfc062723c751e8b465ee728b)  -> (artifact id: '0d0f523ea705973f75529f63635c8311') in 0.017789 seconds
  Import took 0.019837 seconds .

========================================================================
Received Import Request.
  Time since last request: 10.371105 seconds.
  path: Assets/Sprites/dirt.png
  artifactKey: Guid(3f5bb5478f01e2b45b857b86ba9d54fd) Importer(815301076,1909f56bfc062723c751e8b465ee728b)
Start importing Assets/Sprites/dirt.png using Guid(3f5bb5478f01e2b45b857b86ba9d54fd) Importer(815301076,1909f56bfc062723c751e8b465ee728b)  -> (artifact id: 'aba638de38b46d09bb8a34b9200a8ae6') in 0.017631 seconds
  Import took 0.019492 seconds .

========================================================================
Received Import Request.
  Time since last request: 94.029426 seconds.
  path: Assets/Sprites/Materials/S2_Tile.mat
  artifactKey: Guid(c64d7083db020e444993e5672286e453) Importer(815301076,1909f56bfc062723c751e8b465ee728b)
Start importing Assets/Sprites/Materials/S2_Tile.mat using Guid(c64d7083db020e444993e5672286e453) Importer(815301076,1909f56bfc062723c751e8b465ee728b)  -> (artifact id: 'eadcd7a5bd5aafa0f445f8a018d2d1e9') in 0.046833 seconds
  Import took 0.048831 seconds .

========================================================================
Received Import Request.
  Time since last request: 0.002441 seconds.
  path: Assets/Sprites/Materials/S2_Tile.mat
  artifactKey: Guid(c64d7083db020e444993e5672286e453) Importer(815301076,1909f56bfc062723c751e8b465ee728b)
Start importing Assets/Sprites/Materials/S2_Tile.mat using Guid(c64d7083db020e444993e5672286e453) Importer(815301076,1909f56bfc062723c751e8b465ee728b)  -> (artifact id: 'eadcd7a5bd5aafa0f445f8a018d2d1e9') in 0.014460 seconds
  Import took 0.016108 seconds .

========================================================================
Received Import Request.
  Time since last request: 725.592989 seconds.
  path: Assets/Sprites/Materials/dirt.mat
  artifactKey: Guid(a26f7acae38684f47b5da4671c1faf46) Importer(815301076,1909f56bfc062723c751e8b465ee728b)
Start importing Assets/Sprites/Materials/dirt.mat using Guid(a26f7acae38684f47b5da4671c1faf46) Importer(815301076,1909f56bfc062723c751e8b465ee728b)  -> (artifact id: '7f51bcf35d12657bfd133bc89bc8238c') in 0.026604 seconds
  Import took 0.028671 seconds .

========================================================================
Received Prepare
Registering precompiled user dll's ...
Registered in 0.000507 seconds.
Begin MonoManager ReloadAssembly
Native extension for Lumin target not found
Native extension for LinuxStandalone target not found
Native extension for WindowsStandalone target not found
Native extension for OSXStandalone target not found
Native extension for WebGL target not found
Refreshing native plugins compatible for Editor in 0.20 ms, found 0 plugins.
Preloading 0 native plugins for Editor in 0.00 ms.
Invoked RoslynAnalysisRunner static constructor.
RoslynAnalysisRunner will not be running.
RoslynAnalysisRunner has terminated.
Mono: successfully reloaded assembly
- Completed reload, in  0.662 seconds
Platform modules already initialized, skipping
Refreshing native plugins compatible for Editor in 0.20 ms, found 0 plugins.
Preloading 0 native plugins for Editor in 0.00 ms.
Unloading 1092 Unused Serialized files (Serialized files now loaded: 0)
System memory in use before: 61.3 MB.
System memory in use after: 61.3 MB.

Unloading 5 unused Assets to reduce memory usage. Loaded Objects now: 1592.
Total: 1.619900 ms (FindLiveObjects: 0.140900 ms CreateObjectMapping: 0.025000 ms MarkObjects: 1.413500 ms  DeleteObjects: 0.039300 ms)

========================================================================
Received Import Request.
  Time since last request: 2780.865127 seconds.
  path: Assets/Sprites/Right_Arrow.png
  artifactKey: Guid(99496662aa9c8734a92ad6b40496b3d4) Importer(815301076,1909f56bfc062723c751e8b465ee728b)
Start importing Assets/Sprites/Right_Arrow.png using Guid(99496662aa9c8734a92ad6b40496b3d4) Importer(815301076,1909f56bfc062723c751e8b465ee728b)  -> (artifact id: '9ccd66bc5a5f3be3b70c0d0ce224138f') in 0.044405 seconds
  Import took 0.046435 seconds .

========================================================================
Received Import Request.
  Time since last request: 0.002573 seconds.
  path: Assets/Sprites/Right_Arrow.png
  artifactKey: Guid(99496662aa9c8734a92ad6b40496b3d4) Importer(815301076,1909f56bfc062723c751e8b465ee728b)
Start importing Assets/Sprites/Right_Arrow.png using Guid(99496662aa9c8734a92ad6b40496b3d4) Importer(815301076,1909f56bfc062723c751e8b465ee728b)  -> (artifact id: '9ccd66bc5a5f3be3b70c0d0ce224138f') in 0.009235 seconds
  Import took 0.011099 seconds .

========================================================================
Received Import Request.
  Time since last request: 6.598069 seconds.
  path: Assets/Sprites/Right_Arrow.png
  artifactKey: Guid(99496662aa9c8734a92ad6b40496b3d4) Importer(815301076,1909f56bfc062723c751e8b465ee728b)
Start importing Assets/Sprites/Right_Arrow.png using Guid(99496662aa9c8734a92ad6b40496b3d4) Importer(815301076,1909f56bfc062723c751e8b465ee728b)  -> (artifact id: '04a3f101beec28454bcd33b2243b0eef') in 0.029361 seconds
  Import took 0.031248 seconds .

========================================================================
Received Import Request.
  Time since last request: 456.685560 seconds.
  path: Assets/Sprites/Left Arrow.png
  artifactKey: Guid(ed5d231349e820143817f4efbd8dd811) Importer(815301076,1909f56bfc062723c751e8b465ee728b)
Start importing Assets/Sprites/Left Arrow.png using Guid(ed5d231349e820143817f4efbd8dd811) Importer(815301076,1909f56bfc062723c751e8b465ee728b)  -> (artifact id: 'd8b0f3bf55dee7221cd14a24250577a3') in 0.018566 seconds
  Import took 0.020498 seconds .

========================================================================
Received Import Request.
  Time since last request: 10.078176 seconds.
  path: Assets/Sprites/Left Arrow.png
  artifactKey: Guid(ed5d231349e820143817f4efbd8dd811) Importer(815301076,1909f56bfc062723c751e8b465ee728b)
Start importing Assets/Sprites/Left Arrow.png using Guid(ed5d231349e820143817f4efbd8dd811) Importer(815301076,1909f56bfc062723c751e8b465ee728b)  -> (artifact id: '5296debcb224e1c277a4cbd05fd42c3e') in 0.013039 seconds
  Import took 0.014895 seconds .

========================================================================
Received Prepare
Registering precompiled user dll's ...
Registered in 0.000523 seconds.
Begin MonoManager ReloadAssembly
Native extension for Lumin target not found
Native extension for LinuxStandalone target not found
Native extension for WindowsStandalone target not found
Native extension for OSXStandalone target not found
Native extension for WebGL target not found
Refreshing native plugins compatible for Editor in 0.20 ms, found 0 plugins.
Preloading 0 native plugins for Editor in 0.00 ms.
Invoked RoslynAnalysisRunner static constructor.
RoslynAnalysisRunner will not be running.
RoslynAnalysisRunner has terminated.
Mono: successfully reloaded assembly
- Completed reload, in  0.656 seconds
Platform modules already initialized, skipping
Refreshing native plugins compatible for Editor in 0.20 ms, found 0 plugins.
Preloading 0 native plugins for Editor in 0.00 ms.
Unloading 1092 Unused Serialized files (Serialized files now loaded: 0)
System memory in use before: 61.6 MB.
System memory in use after: 61.7 MB.

Unloading 5 unused Assets to reduce memory usage. Loaded Objects now: 1595.
Total: 1.501300 ms (FindLiveObjects: 0.114300 ms CreateObjectMapping: 0.024300 ms MarkObjects: 1.328100 ms  DeleteObjects: 0.033800 ms)

========================================================================
Received Prepare
Registering precompiled user dll's ...
Registered in 0.000530 seconds.
Begin MonoManager ReloadAssembly
Native extension for Lumin target not found
Native extension for LinuxStandalone target not found
Native extension for WindowsStandalone target not found
Native extension for OSXStandalone target not found
Native extension for WebGL target not found
Refreshing native plugins compatible for Editor in 0.20 ms, found 0 plugins.
Preloading 0 native plugins for Editor in 0.00 ms.
Invoked RoslynAnalysisRunner static constructor.
RoslynAnalysisRunner will not be running.
RoslynAnalysisRunner has terminated.
Mono: successfully reloaded assembly
- Completed reload, in  0.659 seconds
Platform modules already initialized, skipping
Refreshing native plugins compatible for Editor in 0.21 ms, found 0 plugins.
Preloading 0 native plugins for Editor in 0.00 ms.
Unloading 1092 Unused Serialized files (Serialized files now loaded: 0)
System memory in use before: 62.0 MB.
System memory in use after: 62.0 MB.

Unloading 5 unused Assets to reduce memory usage. Loaded Objects now: 1597.
Total: 1.415400 ms (FindLiveObjects: 0.145300 ms CreateObjectMapping: 0.025100 ms MarkObjects: 1.207900 ms  DeleteObjects: 0.035900 ms)

========================================================================
Received Import Request.
  Time since last request: 1627.187457 seconds.
  path: Assets/Sprites/changeCube.png
  artifactKey: Guid(eedde79f21e9fbf4bb79181eb33c5b69) Importer(815301076,1909f56bfc062723c751e8b465ee728b)
Start importing Assets/Sprites/changeCube.png using Guid(eedde79f21e9fbf4bb79181eb33c5b69) Importer(815301076,1909f56bfc062723c751e8b465ee728b)  -> (artifact id: 'd6f8883cfaa57737fc79e9f6264eb38d') in 0.045684 seconds
  Import took 0.047948 seconds .

========================================================================
Received Import Request.
  Time since last request: 16.859744 seconds.
  path: Assets/Sprites/changeCube.png
  artifactKey: Guid(eedde79f21e9fbf4bb79181eb33c5b69) Importer(815301076,1909f56bfc062723c751e8b465ee728b)
Start importing Assets/Sprites/changeCube.png using Guid(eedde79f21e9fbf4bb79181eb33c5b69) Importer(815301076,1909f56bfc062723c751e8b465ee728b)  -> (artifact id: '63b1805af3cd8e59f115e0e97d176f0f') in 0.027543 seconds
  Import took 0.029388 seconds .

========================================================================
Received Prepare
Registering precompiled user dll's ...
Registered in 0.000494 seconds.
Begin MonoManager ReloadAssembly
Native extension for Lumin target not found
Native extension for LinuxStandalone target not found
Native extension for WindowsStandalone target not found
Native extension for OSXStandalone target not found
Native extension for WebGL target not found
Refreshing native plugins compatible for Editor in 0.20 ms, found 0 plugins.
Preloading 0 native plugins for Editor in 0.00 ms.
Invoked RoslynAnalysisRunner static constructor.
RoslynAnalysisRunner will not be running.
RoslynAnalysisRunner has terminated.
Mono: successfully reloaded assembly
- Completed reload, in  0.662 seconds
Platform modules already initialized, skipping
Refreshing native plugins compatible for Editor in 0.21 ms, found 0 plugins.
Preloading 0 native plugins for Editor in 0.00 ms.
Unloading 1092 Unused Serialized files (Serialized files now loaded: 0)
System memory in use before: 62.3 MB.
System memory in use after: 62.4 MB.

Unloading 5 unused Assets to reduce memory usage. Loaded Objects now: 1603.
Total: 1.639200 ms (FindLiveObjects: 0.128600 ms CreateObjectMapping: 0.024300 ms MarkObjects: 1.450800 ms  DeleteObjects: 0.034500 ms)

========================================================================
Received Import Request.
  Time since last request: 172.664296 seconds.
  path: Assets/Sprites/Textures
  artifactKey: Guid(2927348f13c39c04aa61ca5c75a0ce39) Importer(815301076,1909f56bfc062723c751e8b465ee728b)
Start importing Assets/Sprites/Textures using Guid(2927348f13c39c04aa61ca5c75a0ce39) Importer(815301076,1909f56bfc062723c751e8b465ee728b)  -> (artifact id: '1ad3dc62ddc763098098f18cd1ab88ec') in 0.007841 seconds
  Import took 0.009832 seconds .

========================================================================
Received Import Request.
  Time since last request: 32.400013 seconds.
  path: Assets/Sprites/Materials/jungleBackground.mat
  artifactKey: Guid(2112b2788df0c364cbb38685bca94160) Importer(815301076,1909f56bfc062723c751e8b465ee728b)
Start importing Assets/Sprites/Materials/jungleBackground.mat using Guid(2112b2788df0c364cbb38685bca94160) Importer(815301076,1909f56bfc062723c751e8b465ee728b)  -> (artifact id: '8df2e13a95effb1487741218ab5f00b3') in 0.057105 seconds
  Import took 0.059017 seconds .

AssetImportWorkerClient::OnTransportError - code=2 error=End of file
